<?xml version="1.0" encoding="UTF-8"?>
<!-- Generated by org.testng.reporters.JUnitReportReporter -->
<testsuite skipped="0" hostname="LAPTOP-1LL282FT" name="runners.Pagerunner" tests="3" failures="0" timestamp="2023-03-15T09:48:18 IST" time="21.644" errors="0">
  <testcase name="runScenario" time="0.117" classname="runners.Pagerunner"/>
  <system-out/>
  <testcase name="runScenario" time="11.411" classname="runners.Pagerunner"/>
  <system-out/>
  <testcase name="runScenario" time="10.116" classname="runners.Pagerunner"/>
  <system-out/>
</testsuite> <!-- runners.Pagerunner -->
